sample.interval=20000
"tryCatchOne" "tryCatchList" "tryCatch" "withCallingHandlers" ".rs.callAs" "Rprof" 
"findCenvVar" "getInlineInfo" "isBaseVar" "FUN" "lapply" "unlist" "Filter" "findLocalsList" "funEnv" "make.functionContext" "cmpfun" "doTryCatch" "tryCatchOne" "tryCatchList" "tryCatch" "compiler:::tryCmpfun" "h" "g1" "f" 
"h" "g1" "f" 
"h" "g1" "f" 
"h" "g1" "f" 
"sqrt" "g2" "f" 
"h" "g1" "f" 
"h" "g1" "f" 
"h" "g1" "f" 
"h" "g1" "f" 
"double" "h" "g1" "f" 
"h" "g1" "f" 
"h" "g1" "f" 
"h" "g1" "f" 
"h" "g1" "f" 
"h" "g1" "f" 
"h" "g1" "f" 
"g2" "f" 
"g2" "f" 
"g2" "f" 
"h" "g1" "f" 
"h" "g1" "f" 
"h" "g1" "f" 
"g2" "f" 
"h" "g1" "f" 
"h" "g1" "f" 
"h" "g1" "f" 
"h" "g1" "f" 
"h" "g1" "f" 
"h" "g1" "f" 
"double" "h" "g1" "f" 
"double" "h" "g1" "f" 
"double" "h" "g1" "f" 
"h" "g1" "f" 
"h" "g1" "f" 
"g2" "f" 
"h" "g1" "f" 
"h" "g1" "f" 
"g2" "f" 
"h" "g1" "f" 
"h" "g1" "f" 
"g2" "f" 
